<?xml version="1.0" encoding="UTF-8"?>
<testng-results ignored="0" total="1" passed="0" failed="1" skipped="0">
  <reporter-output>
  </reporter-output>
  <suite started-at="2021-11-10T11:50:59 IST" name="Default suite" finished-at="2021-11-10T11:51:15 IST" duration-ms="15701">
    <groups>
    </groups>
    <test started-at="2021-11-10T11:50:59 IST" name="Default test" finished-at="2021-11-10T11:51:15 IST" duration-ms="15701">
      <class name="practice.ListnerTest">
        <test-method is-config="true" signature="connectDB()[pri:0, instance:practice.ListnerTest@7b9a4292]" started-at="2021-11-10T11:50:59 IST" name="connectDB" finished-at="2021-11-10T11:50:59 IST" duration-ms="12" status="PASS">
          <reporter-output>
          </reporter-output>
        </test-method> <!-- connectDB -->
        <test-method is-config="true" signature="launchBrowser()[pri:0, instance:practice.ListnerTest@7b9a4292]" started-at="2021-11-10T11:50:59 IST" name="launchBrowser" finished-at="2021-11-10T11:51:04 IST" duration-ms="4772" status="PASS">
          <reporter-output>
          </reporter-output>
        </test-method> <!-- launchBrowser -->
        <test-method is-config="true" signature="loginToApp()[pri:0, instance:practice.ListnerTest@7b9a4292]" started-at="2021-11-10T11:51:04 IST" name="loginToApp" finished-at="2021-11-10T11:51:10 IST" duration-ms="5442" status="PASS">
          <reporter-output>
          </reporter-output>
        </test-method> <!-- loginToApp -->
        <test-method signature="listnertest()[pri:0, instance:practice.ListnerTest@7b9a4292]" started-at="2021-11-10T11:51:10 IST" name="listnertest" finished-at="2021-11-10T11:51:10 IST" duration-ms="15" status="FAIL">
          <exception class="java.lang.AssertionError">
            <message>
              <![CDATA[null]]>
            </message>
            <full-stacktrace>
              <![CDATA[java.lang.AssertionError: null
at org.testng.Assert.fail(Assert.java:99)
at org.testng.Assert.fail(Assert.java:106)
at practice.ListnerTest.listnertest(ListnerTest.java:20)
at java.base/jdk.internal.reflect.NativeMethodAccessorImpl.invoke0(Native Method)
at java.base/jdk.internal.reflect.NativeMethodAccessorImpl.invoke(NativeMethodAccessorImpl.java:64)
at java.base/jdk.internal.reflect.DelegatingMethodAccessorImpl.invoke(DelegatingMethodAccessorImpl.java:43)
at java.base/java.lang.reflect.Method.invoke(Method.java:564)
at org.testng.internal.MethodInvocationHelper.invokeMethod(MethodInvocationHelper.java:133)
at org.testng.internal.TestInvoker.invokeMethod(TestInvoker.java:598)
at org.testng.internal.TestInvoker.invokeTestMethod(TestInvoker.java:173)
at org.testng.internal.MethodRunner.runInSequence(MethodRunner.java:46)
at org.testng.internal.TestInvoker$MethodInvocationAgent.invoke(TestInvoker.java:824)
at org.testng.internal.TestInvoker.invokeTestMethods(TestInvoker.java:146)
at org.testng.internal.TestMethodWorker.invokeTestMethods(TestMethodWorker.java:146)
at org.testng.internal.TestMethodWorker.run(TestMethodWorker.java:128)
at java.base/java.util.ArrayList.forEach(ArrayList.java:1511)
at org.testng.TestRunner.privateRun(TestRunner.java:794)
at org.testng.TestRunner.run(TestRunner.java:596)
at org.testng.SuiteRunner.runTest(SuiteRunner.java:377)
at org.testng.SuiteRunner.runSequentially(SuiteRunner.java:371)
at org.testng.SuiteRunner.privateRun(SuiteRunner.java:332)
at org.testng.SuiteRunner.run(SuiteRunner.java:276)
at org.testng.SuiteRunnerWorker.runSuite(SuiteRunnerWorker.java:53)
at org.testng.SuiteRunnerWorker.run(SuiteRunnerWorker.java:96)
at org.testng.TestNG.runSuitesSequentially(TestNG.java:1212)
at org.testng.TestNG.runSuitesLocally(TestNG.java:1134)
at org.testng.TestNG.runSuites(TestNG.java:1063)
at org.testng.TestNG.run(TestNG.java:1031)
at org.testng.remote.AbstractRemoteTestNG.run(AbstractRemoteTestNG.java:115)
at org.testng.remote.RemoteTestNG.initAndRun(RemoteTestNG.java:251)
at org.testng.remote.RemoteTestNG.main(RemoteTestNG.java:77)
]]>
            </full-stacktrace>
          </exception> <!-- java.lang.AssertionError -->
          <reporter-output>
          </reporter-output>
        </test-method> <!-- listnertest -->
        <test-method is-config="true" signature="logoutOffApp()[pri:0, instance:practice.ListnerTest@7b9a4292]" started-at="2021-11-10T11:51:10 IST" name="logoutOffApp" finished-at="2021-11-10T11:51:15 IST" duration-ms="4644" status="PASS">
          <reporter-output>
          </reporter-output>
        </test-method> <!-- logoutOffApp -->
        <test-method is-config="true" signature="CloseBrowser()[pri:0, instance:practice.ListnerTest@7b9a4292]" started-at="2021-11-10T11:51:15 IST" name="CloseBrowser" finished-at="2021-11-10T11:51:15 IST" duration-ms="126" status="PASS">
          <reporter-output>
          </reporter-output>
        </test-method> <!-- CloseBrowser -->
        <test-method is-config="true" signature="CloseDB()[pri:0, instance:practice.ListnerTest@7b9a4292]" started-at="2021-11-10T11:51:15 IST" name="CloseDB" finished-at="2021-11-10T11:51:15 IST" duration-ms="0" status="PASS">
          <reporter-output>
          </reporter-output>
        </test-method> <!-- CloseDB -->
      </class> <!-- practice.ListnerTest -->
    </test> <!-- Default test -->
  </suite> <!-- Default suite -->
</testng-results>
